# JRE version: OpenJDK Runtime Environment Temurin-17.0.15+6 (17.0.15+6) (build 17.0.15+6)
# Java VM: OpenJDK 64-Bit Server VM Temurin-17.0.15+6 (17.0.15+6, mixed mode, sharing, tiered, compressed oops, compressed class ptrs, g1 gc, windows-amd64)
GC Precious Log:
 CPUs: 4 total, 4 available
 Memory: 8082M
 Large Page Support: Disabled
 NUMA Support: Disabled
 Compressed Oops: Enabled (32-bit)
 Heap Region Size: 1M
 Heap Min Capacity: 64M
 Heap Initial Capacity: 64M
 Heap Max Capacity: 64M
 Pre-touch: Disabled
 Parallel Workers: 4
 Concurrent Workers: 1
 Concurrent Refinement Workers: 4
 Periodic GC: Disabled
Heap:
 garbage-first heap   total 65536K, used 41891K [0x00000000fc000000, 0x0000000100000000)
  region size 1024K, 28 young (28672K), 1 survivors (1024K)
 Metaspace       used 16658K, committed 16896K, reserved 1114112K
  class space    used 2024K, committed 2176K, reserved 1048576K
GC Heap History (12 events):
Event: 1.327 GC heap before
{Heap before GC invocations=0 (full 0):
 garbage-first heap   total 65536K, used 12288K [0x00000000fc000000, 0x0000000100000000)
  region size 1024K, 13 young (13312K), 0 survivors (0K)
 Metaspace       used 7528K, committed 7680K, reserved 1114112K
  class space    used 822K, committed 896K, reserved 1048576K
}
Event: 1.340 GC heap after
{Heap after GC invocations=1 (full 0):
 garbage-first heap   total 65536K, used 3672K [0x00000000fc000000, 0x0000000100000000)
  region size 1024K, 2 young (2048K), 2 survivors (2048K)
 Metaspace       used 7528K, committed 7680K, reserved 1114112K
  class space    used 822K, committed 896K, reserved 1048576K
}
Event: 96.232 GC heap before
{Heap before GC invocations=1 (full 0):
 garbage-first heap   total 65536K, used 13912K [0x00000000fc000000, 0x0000000100000000)
  region size 1024K, 12 young (12288K), 2 survivors (2048K)
 Metaspace       used 8637K, committed 8768K, reserved 1114112K
  class space    used 929K, committed 1024K, reserved 1048576K
}
Event: 96.238 GC heap after
{Heap after GC invocations=2 (full 0):
 garbage-first heap   total 65536K, used 4432K [0x00000000fc000000, 0x0000000100000000)
  region size 1024K, 1 young (1024K), 1 survivors (1024K)
 Metaspace       used 8637K, committed 8768K, reserved 1114112K
  class space    used 929K, committed 1024K, reserved 1048576K
}
Event: 171.300 GC heap before
{Heap before GC invocations=2 (full 0):
 garbage-first heap   total 65536K, used 27984K [0x00000000fc000000, 0x0000000100000000)
  region size 1024K, 25 young (25600K), 1 survivors (1024K)
 Metaspace       used 9111K, committed 9344K, reserved 1114112K
  class space    used 972K, committed 1088K, reserved 1048576K
}
Event: 171.304 GC heap after
{Heap after GC invocations=3 (full 0):
 garbage-first heap   total 65536K, used 4692K [0x00000000fc000000, 0x0000000100000000)
  region size 1024K, 1 young (1024K), 1 survivors (1024K)
 Metaspace       used 9111K, committed 9344K, reserved 1114112K
  class space    used 972K, committed 1088K, reserved 1048576K
}
Event: 172.992 GC heap before
{Heap before GC invocations=3 (full 0):
 garbage-first heap   total 65536K, used 45652K [0x00000000fc000000, 0x0000000100000000)
  region size 1024K, 38 young (38912K), 1 survivors (1024K)
 Metaspace       used 14369K, committed 14592K, reserved 1114112K
  class space    used 1758K, committed 1856K, reserved 1048576K
}
Event: 172.997 GC heap after
{Heap after GC invocations=4 (full 0):
 garbage-first heap   total 65536K, used 14323K [0x00000000fc000000, 0x0000000100000000)
  region size 1024K, 5 young (5120K), 5 survivors (5120K)
 Metaspace       used 14369K, committed 14592K, reserved 1114112K
  class space    used 1758K, committed 1856K, reserved 1048576K
}
Event: 604.294 GC heap before
{Heap before GC invocations=4 (full 0):
 garbage-first heap   total 65536K, used 40947K [0x00000000fc000000, 0x0000000100000000)
  region size 1024K, 31 young (31744K), 5 survivors (5120K)
 Metaspace       used 16607K, committed 16896K, reserved 1114112K
  class space    used 2016K, committed 2176K, reserved 1048576K
}
Event: 604.301 GC heap after
{Heap after GC invocations=5 (full 0):
 garbage-first heap   total 65536K, used 15394K [0x00000000fc000000, 0x0000000100000000)
  region size 1024K, 1 young (1024K), 1 survivors (1024K)
 Metaspace       used 16607K, committed 16896K, reserved 1114112K
  class space    used 2016K, committed 2176K, reserved 1048576K
}
Event: 940.816 GC heap before
{Heap before GC invocations=5 (full 0):
 garbage-first heap   total 65536K, used 42018K [0x00000000fc000000, 0x0000000100000000)
  region size 1024K, 27 young (27648K), 1 survivors (1024K)
 Metaspace       used 16646K, committed 16896K, reserved 1114112K
  class space    used 2022K, committed 2176K, reserved 1048576K
}
Event: 940.818 GC heap after
{Heap after GC invocations=6 (full 0):
 garbage-first heap   total 65536K, used 15267K [0x00000000fc000000, 0x0000000100000000)
  region size 1024K, 1 young (1024K), 1 survivors (1024K)
 Metaspace       used 16646K, committed 16896K, reserved 1114112K
  class space    used 2022K, committed 2176K, reserved 1048576K
}

